<?xml version="1.0" encoding="UTF-8" ?>
<testsuite tests="81" failures="12" name="runner.ApiRunnerTest" time="0.019" errors="0" skipped="0">
  <properties>
[...]
</properties>
  <testcase classname="| London123 | GB | b0a9c8b82f8361b93ce4290a8068f35b | 404 |" name="Given I search with invalid &quot;London123&quot; and &quot;GB&quot; and &quot;b0a9c8b82f8361b93ce4290a8068f35b&quot;" time="0.004"/>
  <testcase classname="| London123 | GB | b0a9c8b82f8361b93ce4290a8068f35b | 404 |" name="Then Status code response &quot;404&quot; should be not found" time="0"/>
  <testcase classname="| London123 | GB | b0a9c8b82f8361b93ce4290a8068f35b | 404 |" name="| London123 | GB | b0a9c8b82f8361b93ce4290a8068f35b | 404 |" time="0"/>
  <testcase classname="| 123 New york | US | b0a9c8b82f8361b93ce4290a8068f35b | 404 |" name="Given I search with invalid &quot;123 New york&quot; and &quot;US&quot; and &quot;b0a9c8b82f8361b93ce4290a8068f35b&quot;" time="0"/>
  <testcase classname="| 123 New york | US | b0a9c8b82f8361b93ce4290a8068f35b | 404 |" name="Then Status code response &quot;404&quot; should be not found" time="0"/>
  <testcase classname="| 123 New york | US | b0a9c8b82f8361b93ce4290a8068f35b | 404 |" name="| 123 New york | US | b0a9c8b82f8361b93ce4290a8068f35b | 404 |" time="0.001"/>
  <testcase classname="| 1New york2 | US | b0a9c8b82f8361b93ce4290a8068f35b | 404 |" name="Given I search with invalid &quot;1New york2&quot; and &quot;US&quot; and &quot;b0a9c8b82f8361b93ce4290a8068f35b&quot;" time="0"/>
  <testcase classname="| 1New york2 | US | b0a9c8b82f8361b93ce4290a8068f35b | 404 |" name="Then Status code response &quot;404&quot; should be not found" time="0"/>
  <testcase classname="| 1New york2 | US | b0a9c8b82f8361b93ce4290a8068f35b | 404 |" name="| 1New york2 | US | b0a9c8b82f8361b93ce4290a8068f35b | 404 |" time="0.001"/>
  <testcase classname="| London% | US | b0a9c8b82f8361b93ce4290a8068f35b | 404 |" name="Given I search with invalid &quot;London%&quot; and &quot;US&quot; and &quot;b0a9c8b82f8361b93ce4290a8068f35b&quot;" time="0"/>
  <testcase classname="| London% | US | b0a9c8b82f8361b93ce4290a8068f35b | 404 |" name="Then Status code response &quot;404&quot; should be not found" time="0"/>
  <testcase classname="| London% | US | b0a9c8b82f8361b93ce4290a8068f35b | 404 |" name="| London% | US | b0a9c8b82f8361b93ce4290a8068f35b | 404 |" time="0"/>
  <testcase classname="| ? | US | b0a9c8b82f8361b93ce4290a8068f35b | 404 |" name="Given I search with invalid &quot;?&quot; and &quot;US&quot; and &quot;b0a9c8b82f8361b93ce4290a8068f35b&quot;" time="0"/>
  <testcase classname="| ? | US | b0a9c8b82f8361b93ce4290a8068f35b | 404 |" name="Then Status code response &quot;404&quot; should be not found" time="0"/>
  <testcase classname="| ? | US | b0a9c8b82f8361b93ce4290a8068f35b | 404 |" name="| ? | US | b0a9c8b82f8361b93ce4290a8068f35b | 404 |" time="0"/>
  <testcase classname="| % | US | b0a9c8b82f8361b93ce4290a8068f35b | 404 |" name="Given I search with invalid &quot;%&quot; and &quot;US&quot; and &quot;b0a9c8b82f8361b93ce4290a8068f35b&quot;" time="0"/>
  <testcase classname="| % | US | b0a9c8b82f8361b93ce4290a8068f35b | 404 |" name="Then Status code response &quot;404&quot; should be not found" time="0"/>
  <testcase classname="| % | US | b0a9c8b82f8361b93ce4290a8068f35b | 404 |" name="| % | US | b0a9c8b82f8361b93ce4290a8068f35b | 404 |" time="0.001"/>
  <testcase classname="|  | US | b0a9c8b82f8361b93ce4290a8068f35b | 404 |" name="Given I search with invalid &quot;&quot; and &quot;US&quot; and &quot;b0a9c8b82f8361b93ce4290a8068f35b&quot;" time="0"/>
  <testcase classname="|  | US | b0a9c8b82f8361b93ce4290a8068f35b | 404 |" name="Then Status code response &quot;404&quot; should be not found" time="0.003">
    <failure message="expected:&lt;404&gt; but was:&lt;200&gt;" type="java.lang.AssertionError">java.lang.AssertionError: expected:&lt;404&gt; but was:&lt;200&gt;
	at org.junit.Assert.fail(Assert.java:88)
	at org.junit.Assert.failNotEquals(Assert.java:834)
	at org.junit.Assert.assertEquals(Assert.java:645)
	at org.junit.Assert.assertEquals(Assert.java:631)
	at stepDefinitions.NegativeSearch.statusCodeResponseShouldBeNotFound(NegativeSearch.java:27)
	at ✽.Then Status code response &quot;404&quot; should be not found(src/test/resources/searchWeatherCity.feature:9)
</failure>
  </testcase>
  <testcase classname="|  | US | b0a9c8b82f8361b93ce4290a8068f35b | 404 |" name="|  | US | b0a9c8b82f8361b93ce4290a8068f35b | 404 |" time="0.003">
    <failure message="expected:&lt;404&gt; but was:&lt;200&gt;" type="java.lang.AssertionError">java.lang.AssertionError: expected:&lt;404&gt; but was:&lt;200&gt;
	at org.junit.Assert.fail(Assert.java:88)
	at org.junit.Assert.failNotEquals(Assert.java:834)
	at org.junit.Assert.assertEquals(Assert.java:645)
	at org.junit.Assert.assertEquals(Assert.java:631)
	at stepDefinitions.NegativeSearch.statusCodeResponseShouldBeNotFound(NegativeSearch.java:27)
	at ✽.Then Status code response &quot;404&quot; should be not found(src/test/resources/searchWeatherCity.feature:9)
</failure>
  </testcase>
  <testcase classname="| London | London | b0a9c8b82f8361b93ce4290a8068f35b | 404 |" name="Given I search with &quot;London&quot; and &quot;London&quot; and invalid State code &quot;b0a9c8b82f8361b93ce4290a8068f35b&quot;" time="0"/>
  <testcase classname="| London | London | b0a9c8b82f8361b93ce4290a8068f35b | 404 |" name="Then Status code response should be &quot;404&quot;" time="0.001">
    <failure message="expected:&lt;404&gt; but was:&lt;200&gt;" type="java.lang.AssertionError">java.lang.AssertionError: expected:&lt;404&gt; but was:&lt;200&gt;
	at org.junit.Assert.fail(Assert.java:88)
	at org.junit.Assert.failNotEquals(Assert.java:834)
	at org.junit.Assert.assertEquals(Assert.java:645)
	at org.junit.Assert.assertEquals(Assert.java:631)
	at stepDefinitions.NegativeSearch.statusCodeResponseShouldBe(NegativeSearch.java:38)
	at ✽.Then Status code response should be &quot;404&quot;(src/test/resources/searchWeatherCity.feature:22)
</failure>
  </testcase>
  <testcase classname="| London | London | b0a9c8b82f8361b93ce4290a8068f35b | 404 |" name="| London | London | b0a9c8b82f8361b93ce4290a8068f35b | 404 |" time="0.001">
    <failure message="expected:&lt;404&gt; but was:&lt;200&gt;" type="java.lang.AssertionError">java.lang.AssertionError: expected:&lt;404&gt; but was:&lt;200&gt;
	at org.junit.Assert.fail(Assert.java:88)
	at org.junit.Assert.failNotEquals(Assert.java:834)
	at org.junit.Assert.assertEquals(Assert.java:645)
	at org.junit.Assert.assertEquals(Assert.java:631)
	at stepDefinitions.NegativeSearch.statusCodeResponseShouldBe(NegativeSearch.java:38)
	at ✽.Then Status code response should be &quot;404&quot;(src/test/resources/searchWeatherCity.feature:22)
</failure>
  </testcase>
  <testcase classname="| New york | GB | b0a9c8b82f8361b93ce4290a8068f35b | 404 |" name="Given I search with &quot;New york&quot; and &quot;GB&quot; and invalid State code &quot;b0a9c8b82f8361b93ce4290a8068f35b&quot;" time="0"/>
  <testcase classname="| New york | GB | b0a9c8b82f8361b93ce4290a8068f35b | 404 |" name="Then Status code response should be &quot;404&quot;" time="0">
    <failure message="expected:&lt;404&gt; but was:&lt;200&gt;" type="java.lang.AssertionError">java.lang.AssertionError: expected:&lt;404&gt; but was:&lt;200&gt;
	at org.junit.Assert.fail(Assert.java:88)
	at org.junit.Assert.failNotEquals(Assert.java:834)
	at org.junit.Assert.assertEquals(Assert.java:645)
	at org.junit.Assert.assertEquals(Assert.java:631)
	at stepDefinitions.NegativeSearch.statusCodeResponseShouldBe(NegativeSearch.java:38)
	at ✽.Then Status code response should be &quot;404&quot;(src/test/resources/searchWeatherCity.feature:22)
</failure>
  </testcase>
  <testcase classname="| New york | GB | b0a9c8b82f8361b93ce4290a8068f35b | 404 |" name="| New york | GB | b0a9c8b82f8361b93ce4290a8068f35b | 404 |" time="0">
    <failure message="expected:&lt;404&gt; but was:&lt;200&gt;" type="java.lang.AssertionError">java.lang.AssertionError: expected:&lt;404&gt; but was:&lt;200&gt;
	at org.junit.Assert.fail(Assert.java:88)
	at org.junit.Assert.failNotEquals(Assert.java:834)
	at org.junit.Assert.assertEquals(Assert.java:645)
	at org.junit.Assert.assertEquals(Assert.java:631)
	at stepDefinitions.NegativeSearch.statusCodeResponseShouldBe(NegativeSearch.java:38)
	at ✽.Then Status code response should be &quot;404&quot;(src/test/resources/searchWeatherCity.feature:22)
</failure>
  </testcase>
  <testcase classname="| New york | VN | b0a9c8b82f8361b93ce4290a8068f35b | 404 |" name="Given I search with &quot;New york&quot; and &quot;VN&quot; and invalid State code &quot;b0a9c8b82f8361b93ce4290a8068f35b&quot;" time="0"/>
  <testcase classname="| New york | VN | b0a9c8b82f8361b93ce4290a8068f35b | 404 |" name="Then Status code response should be &quot;404&quot;" time="0"/>
  <testcase classname="| New york | VN | b0a9c8b82f8361b93ce4290a8068f35b | 404 |" name="| New york | VN | b0a9c8b82f8361b93ce4290a8068f35b | 404 |" time="0.001"/>
  <testcase classname="| London | GB%% | b0a9c8b82f8361b93ce4290a8068f35b | 404 |" name="Given I search with &quot;London&quot; and &quot;GB%%&quot; and invalid State code &quot;b0a9c8b82f8361b93ce4290a8068f35b&quot;" time="0"/>
  <testcase classname="| London | GB%% | b0a9c8b82f8361b93ce4290a8068f35b | 404 |" name="Then Status code response should be &quot;404&quot;" time="0">
    <failure message="expected:&lt;404&gt; but was:&lt;200&gt;" type="java.lang.AssertionError">java.lang.AssertionError: expected:&lt;404&gt; but was:&lt;200&gt;
	at org.junit.Assert.fail(Assert.java:88)
	at org.junit.Assert.failNotEquals(Assert.java:834)
	at org.junit.Assert.assertEquals(Assert.java:645)
	at org.junit.Assert.assertEquals(Assert.java:631)
	at stepDefinitions.NegativeSearch.statusCodeResponseShouldBe(NegativeSearch.java:38)
	at ✽.Then Status code response should be &quot;404&quot;(src/test/resources/searchWeatherCity.feature:22)
</failure>
  </testcase>
  <testcase classname="| London | GB%% | b0a9c8b82f8361b93ce4290a8068f35b | 404 |" name="| London | GB%% | b0a9c8b82f8361b93ce4290a8068f35b | 404 |" time="0">
    <failure message="expected:&lt;404&gt; but was:&lt;200&gt;" type="java.lang.AssertionError">java.lang.AssertionError: expected:&lt;404&gt; but was:&lt;200&gt;
	at org.junit.Assert.fail(Assert.java:88)
	at org.junit.Assert.failNotEquals(Assert.java:834)
	at org.junit.Assert.assertEquals(Assert.java:645)
	at org.junit.Assert.assertEquals(Assert.java:631)
	at stepDefinitions.NegativeSearch.statusCodeResponseShouldBe(NegativeSearch.java:38)
	at ✽.Then Status code response should be &quot;404&quot;(src/test/resources/searchWeatherCity.feature:22)
</failure>
  </testcase>
  <testcase classname="| London | CAN | b0a9c8b82f8361b93ce4290a8068f35b | 404 |" name="Given I search with &quot;London&quot; and &quot;CAN&quot; and invalid State code &quot;b0a9c8b82f8361b93ce4290a8068f35b&quot;" time="0"/>
  <testcase classname="| London | CAN | b0a9c8b82f8361b93ce4290a8068f35b | 404 |" name="Then Status code response should be &quot;404&quot;" time="0">
    <failure message="expected:&lt;404&gt; but was:&lt;200&gt;" type="java.lang.AssertionError">java.lang.AssertionError: expected:&lt;404&gt; but was:&lt;200&gt;
	at org.junit.Assert.fail(Assert.java:88)
	at org.junit.Assert.failNotEquals(Assert.java:834)
	at org.junit.Assert.assertEquals(Assert.java:645)
	at org.junit.Assert.assertEquals(Assert.java:631)
	at stepDefinitions.NegativeSearch.statusCodeResponseShouldBe(NegativeSearch.java:38)
	at ✽.Then Status code response should be &quot;404&quot;(src/test/resources/searchWeatherCity.feature:22)
</failure>
  </testcase>
  <testcase classname="| London | CAN | b0a9c8b82f8361b93ce4290a8068f35b | 404 |" name="| London | CAN | b0a9c8b82f8361b93ce4290a8068f35b | 404 |" time="0">
    <failure message="expected:&lt;404&gt; but was:&lt;200&gt;" type="java.lang.AssertionError">java.lang.AssertionError: expected:&lt;404&gt; but was:&lt;200&gt;
	at org.junit.Assert.fail(Assert.java:88)
	at org.junit.Assert.failNotEquals(Assert.java:834)
	at org.junit.Assert.assertEquals(Assert.java:645)
	at org.junit.Assert.assertEquals(Assert.java:631)
	at stepDefinitions.NegativeSearch.statusCodeResponseShouldBe(NegativeSearch.java:38)
	at ✽.Then Status code response should be &quot;404&quot;(src/test/resources/searchWeatherCity.feature:22)
</failure>
  </testcase>
  <testcase classname="| London |  | b0a9c8b82f8361b93ce4290a8068f35b | 404 |" name="Given I search with &quot;London&quot; and &quot;&quot; and invalid State code &quot;b0a9c8b82f8361b93ce4290a8068f35b&quot;" time="0"/>
  <testcase classname="| London |  | b0a9c8b82f8361b93ce4290a8068f35b | 404 |" name="Then Status code response should be &quot;404&quot;" time="0">
    <failure message="expected:&lt;404&gt; but was:&lt;200&gt;" type="java.lang.AssertionError">java.lang.AssertionError: expected:&lt;404&gt; but was:&lt;200&gt;
	at org.junit.Assert.fail(Assert.java:88)
	at org.junit.Assert.failNotEquals(Assert.java:834)
	at org.junit.Assert.assertEquals(Assert.java:645)
	at org.junit.Assert.assertEquals(Assert.java:631)
	at stepDefinitions.NegativeSearch.statusCodeResponseShouldBe(NegativeSearch.java:38)
	at ✽.Then Status code response should be &quot;404&quot;(src/test/resources/searchWeatherCity.feature:22)
</failure>
  </testcase>
  <testcase classname="| London |  | b0a9c8b82f8361b93ce4290a8068f35b | 404 |" name="| London |  | b0a9c8b82f8361b93ce4290a8068f35b | 404 |" time="0">
    <failure message="expected:&lt;404&gt; but was:&lt;200&gt;" type="java.lang.AssertionError">java.lang.AssertionError: expected:&lt;404&gt; but was:&lt;200&gt;
	at org.junit.Assert.fail(Assert.java:88)
	at org.junit.Assert.failNotEquals(Assert.java:834)
	at org.junit.Assert.assertEquals(Assert.java:645)
	at org.junit.Assert.assertEquals(Assert.java:631)
	at stepDefinitions.NegativeSearch.statusCodeResponseShouldBe(NegativeSearch.java:38)
	at ✽.Then Status code response should be &quot;404&quot;(src/test/resources/searchWeatherCity.feature:22)
</failure>
  </testcase>
  <testcase classname="| London | GB | wert | 401 |" name="Given I search with &quot;London&quot; and State code &quot;GB&quot; and invalid &quot;wert&quot;" time="0"/>
  <testcase classname="| London | GB | wert | 401 |" name="Then Status code response should be &quot;401&quot; authentication failed" time="0"/>
  <testcase classname="| London | GB | wert | 401 |" name="| London | GB | wert | 401 |" time="0"/>
  <testcase classname="| New york | US |  | 401 |" name="Given I search with &quot;New york&quot; and State code &quot;US&quot; and invalid &quot;&quot;" time="0"/>
  <testcase classname="| New york | US |  | 401 |" name="Then Status code response should be &quot;401&quot; authentication failed" time="0"/>
  <testcase classname="| New york | US |  | 401 |" name="| New york | US |  | 401 |" time="0.001"/>
  <testcase classname="| London | GB | b0a9c8b82f8361b93ce4290a8068f35b | 200 |" name="When I search with valid parameters &quot;London&quot; , &quot;GB&quot; , &quot;b0a9c8b82f8361b93ce4290a8068f35b&quot;" time="0"/>
  <testcase classname="| London | GB | b0a9c8b82f8361b93ce4290a8068f35b | 200 |" name="Then I can search successfully with status code &quot;200&quot;" time="0"/>
  <testcase classname="| London | GB | b0a9c8b82f8361b93ce4290a8068f35b | 200 |" name="| London | GB | b0a9c8b82f8361b93ce4290a8068f35b | 200 |" time="0"/>
  <testcase classname="| New york | US | b0a9c8b82f8361b93ce4290a8068f35b | 200 |" name="When I search with valid parameters &quot;New york&quot; , &quot;US&quot; , &quot;b0a9c8b82f8361b93ce4290a8068f35b&quot;" time="0"/>
  <testcase classname="| New york | US | b0a9c8b82f8361b93ce4290a8068f35b | 200 |" name="Then I can search successfully with status code &quot;200&quot;" time="0"/>
  <testcase classname="| New york | US | b0a9c8b82f8361b93ce4290a8068f35b | 200 |" name="| New york | US | b0a9c8b82f8361b93ce4290a8068f35b | 200 |" time="0.001"/>
  <testcase classname="| London | GB | b0a9c8b82f8361b93ce4290a8068f35b | 200 |" name="Given I performed search with valid parameters &quot;London&quot; , &quot;GB&quot; , &quot;b0a9c8b82f8361b93ce4290a8068f35b&quot;" time="0"/>
  <testcase classname="| London | GB | b0a9c8b82f8361b93ce4290a8068f35b | 200 |" name="Then I can get correct response fields" time="0"/>
  <testcase classname="| London | GB | b0a9c8b82f8361b93ce4290a8068f35b | 200 |" name="And get the data in COORD field" time="0"/>
  <testcase classname="| London | GB | b0a9c8b82f8361b93ce4290a8068f35b | 200 |" name="And get the data in WEATHER field" time="0"/>
  <testcase classname="| London | GB | b0a9c8b82f8361b93ce4290a8068f35b | 200 |" name="And get the data in BASE field" time="0"/>
  <testcase classname="| London | GB | b0a9c8b82f8361b93ce4290a8068f35b | 200 |" name="And get the data in MAIN field" time="0"/>
  <testcase classname="| London | GB | b0a9c8b82f8361b93ce4290a8068f35b | 200 |" name="And get the data in VISIBILITY field" time="0"/>
  <testcase classname="| London | GB | b0a9c8b82f8361b93ce4290a8068f35b | 200 |" name="And get the data in CLOUDS field" time="0"/>
  <testcase classname="| London | GB | b0a9c8b82f8361b93ce4290a8068f35b | 200 |" name="And get the valid country code in SYS field &quot;GB&quot;" time="0"/>
  <testcase classname="| London | GB | b0a9c8b82f8361b93ce4290a8068f35b | 200 |" name="When I check data in NAME field" time="0"/>
  <testcase classname="| London | GB | b0a9c8b82f8361b93ce4290a8068f35b | 200 |" name="Then NAME value should be semilar to the CityName parameter &quot;London&quot;" time="0"/>
  <testcase classname="| London | GB | b0a9c8b82f8361b93ce4290a8068f35b | 200 |" name="| London | GB | b0a9c8b82f8361b93ce4290a8068f35b | 200 |" time="0"/>
  <testcase classname="| New york | US | b0a9c8b82f8361b93ce4290a8068f35b | 200 |" name="Given I performed search with valid parameters &quot;New york&quot; , &quot;US&quot; , &quot;b0a9c8b82f8361b93ce4290a8068f35b&quot;" time="0"/>
  <testcase classname="| New york | US | b0a9c8b82f8361b93ce4290a8068f35b | 200 |" name="Then I can get correct response fields" time="0"/>
  <testcase classname="| New york | US | b0a9c8b82f8361b93ce4290a8068f35b | 200 |" name="And get the data in COORD field" time="0"/>
  <testcase classname="| New york | US | b0a9c8b82f8361b93ce4290a8068f35b | 200 |" name="And get the data in WEATHER field" time="0"/>
  <testcase classname="| New york | US | b0a9c8b82f8361b93ce4290a8068f35b | 200 |" name="And get the data in BASE field" time="0"/>
  <testcase classname="| New york | US | b0a9c8b82f8361b93ce4290a8068f35b | 200 |" name="And get the data in MAIN field" time="0"/>
  <testcase classname="| New york | US | b0a9c8b82f8361b93ce4290a8068f35b | 200 |" name="And get the data in VISIBILITY field" time="0"/>
  <testcase classname="| New york | US | b0a9c8b82f8361b93ce4290a8068f35b | 200 |" name="And get the data in CLOUDS field" time="0"/>
  <testcase classname="| New york | US | b0a9c8b82f8361b93ce4290a8068f35b | 200 |" name="And get the valid country code in SYS field &quot;US&quot;" time="0"/>
  <testcase classname="| New york | US | b0a9c8b82f8361b93ce4290a8068f35b | 200 |" name="When I check data in NAME field" time="0"/>
  <testcase classname="| New york | US | b0a9c8b82f8361b93ce4290a8068f35b | 200 |" name="Then NAME value should be semilar to the CityName parameter &quot;New york&quot;" time="0"/>
  <testcase classname="| New york | US | b0a9c8b82f8361b93ce4290a8068f35b | 200 |" name="| New york | US | b0a9c8b82f8361b93ce4290a8068f35b | 200 |" time="0"/>
  <testcase classname="| London | GB | b0a9c8b82f8361b93ce4290a8068f35b |" name="Given I call the API with parameters &quot;London&quot; , &quot;GB&quot; , &quot;b0a9c8b82f8361b93ce4290a8068f35b&quot;" time="0"/>
  <testcase classname="| London | GB | b0a9c8b82f8361b93ce4290a8068f35b |" name="Then response time should not exceed &quot;9000&quot; miliseconds" time="0"/>
  <testcase classname="| London | GB | b0a9c8b82f8361b93ce4290a8068f35b |" name="| London | GB | b0a9c8b82f8361b93ce4290a8068f35b |" time="0"/>
  <testcase classname="| New york | US | b0a9c8b82f8361b93ce4290a8068f35b |" name="Given I call the API with parameters &quot;New york&quot; , &quot;US&quot; , &quot;b0a9c8b82f8361b93ce4290a8068f35b&quot;" time="0"/>
  <testcase classname="| New york | US | b0a9c8b82f8361b93ce4290a8068f35b |" name="Then response time should not exceed &quot;9000&quot; miliseconds" time="0"/>
  <testcase classname="| New york | US | b0a9c8b82f8361b93ce4290a8068f35b |" name="| New york | US | b0a9c8b82f8361b93ce4290a8068f35b |" time="0.001"/>
</testsuite>