<?xml version="1.0" encoding="UTF-8" ?>
<testsuite tests="116" failures="2" name="runner.ApiRunnerTest" time="0.02" errors="0" skipped="0">
  <properties>
[...]
</properties>
  <testcase classname="| 2816548240% | 2000 |" name="Given I already authorozied" time="0.002"/>
  <testcase classname="| 2816548240% | 2000 |" name="When I call API to search by inputing invalid policy number &quot;2816548240%&quot;" time="0"/>
  <testcase classname="| 2816548240% | 2000 |" name="Then system response no content with status code &quot;2000&quot;" time="0.003">
    <failure message="expected:&lt;2000&gt; but was:&lt;204&gt;" type="java.lang.AssertionError">java.lang.AssertionError: expected:&lt;2000&gt; but was:&lt;204&gt;
	at org.junit.Assert.fail(Assert.java:88)
	at org.junit.Assert.failNotEquals(Assert.java:834)
	at org.junit.Assert.assertEquals(Assert.java:645)
	at org.junit.Assert.assertEquals(Assert.java:631)
	at stepDefinitions.NegativeSearch.systemResponseNoContentWithStatusCode(NegativeSearch.java:39)
	at ✽.Then system response no content with status code &quot;2000&quot;(src/test/resources/Feature/policyEnquery.feature:9)
</failure>
  </testcase>
  <testcase classname="| 2816548240% | 2000 |" name="| 2816548240% | 2000 |" time="0.003">
    <failure message="expected:&lt;2000&gt; but was:&lt;204&gt;" type="java.lang.AssertionError">java.lang.AssertionError: expected:&lt;2000&gt; but was:&lt;204&gt;
	at org.junit.Assert.fail(Assert.java:88)
	at org.junit.Assert.failNotEquals(Assert.java:834)
	at org.junit.Assert.assertEquals(Assert.java:645)
	at org.junit.Assert.assertEquals(Assert.java:631)
	at stepDefinitions.NegativeSearch.systemResponseNoContentWithStatusCode(NegativeSearch.java:39)
	at ✽.Then system response no content with status code &quot;2000&quot;(src/test/resources/Feature/policyEnquery.feature:9)
</failure>
  </testcase>
  <testcase classname="| %2816548240% | 204 |" name="Given I already authorozied" time="0"/>
  <testcase classname="| %2816548240% | 204 |" name="When I call API to search by inputing invalid policy number &quot;%2816548240%&quot;" time="0"/>
  <testcase classname="| %2816548240% | 204 |" name="Then system response no content with status code &quot;204&quot;" time="0"/>
  <testcase classname="| %2816548240% | 204 |" name="| %2816548240% | 204 |" time="0"/>
  <testcase classname="|  | 204 |" name="Given I already authorozied" time="0"/>
  <testcase classname="|  | 204 |" name="When I call API to search by inputing invalid policy number &quot;&quot;" time="0"/>
  <testcase classname="|  | 204 |" name="Then system response no content with status code &quot;204&quot;" time="0"/>
  <testcase classname="|  | 204 |" name="|  | 204 |" time="0.001"/>
  <testcase classname="| 2816548240 | 200 |" name="Given I already get authorization" time="0"/>
  <testcase classname="| 2816548240 | 200 |" name="When I call API to search by inputing valid policy number &quot;2816548240&quot;" time="0"/>
  <testcase classname="| 2816548240 | 200 |" name="Then system response with status code &quot;200&quot;" time="0"/>
  <testcase classname="| 2816548240 | 200 |" name="| 2816548240 | 200 |" time="0"/>
  <testcase classname="| 2871284582 | 200 |" name="Given I already get authorization" time="0"/>
  <testcase classname="| 2871284582 | 200 |" name="When I call API to search by inputing valid policy number &quot;2871284582&quot;" time="0"/>
  <testcase classname="| 2871284582 | 200 |" name="Then system response with status code &quot;200&quot;" time="0"/>
  <testcase classname="| 2871284582 | 200 |" name="| 2871284582 | 200 |" time="0.001"/>
  <testcase classname="| 2816548240 |" name="Given I search policy successfully &quot;2816548240&quot;" time="0"/>
  <testcase classname="| 2816548240 |" name="Then I can get correct response field name" time="0"/>
  <testcase classname="| 2816548240 |" name="| 2816548240 |" time="0.001"/>
  <testcase classname="| 2816548240 | SS029 |" name="Given I can search a policy &quot;2816548240&quot;" time="0"/>
  <testcase classname="| 2816548240 | SS029 |" name="Then I get correct policyNumber &quot;2816548240&quot;" time="0"/>
  <testcase classname="| 2816548240 | SS029 |" name="And I get correct excludeInfo" time="0"/>
  <testcase classname="| 2816548240 | SS029 |" name="And I get correct bancaInd" time="0"/>
  <testcase classname="| 2816548240 | SS029 |" name="And I get correct agentCode &quot;SS029&quot;" time="0"/>
  <testcase classname="| 2816548240 | SS029 |" name="And I get correct agentMobile" time="0"/>
  <testcase classname="| 2816548240 | SS029 |" name="And I get correct agentName" time="0"/>
  <testcase classname="| 2816548240 | SS029 |" name="And I get correct locationCode" time="0"/>
  <testcase classname="| 2816548240 | SS029 |" name="And I get correct gracePeriod" time="0"/>
  <testcase classname="| 2816548240 | SS029 |" name="And I get correct ostPrem" time="0"/>
  <testcase classname="| 2816548240 | SS029 |" name="| 2816548240 | SS029 |" time="0"/>
  <testcase classname="| 2871284582 | FT487 |" name="Given I can search a policy &quot;2871284582&quot;" time="0"/>
  <testcase classname="| 2871284582 | FT487 |" name="Then I get correct policyNumber &quot;2871284582&quot;" time="0"/>
  <testcase classname="| 2871284582 | FT487 |" name="And I get correct excludeInfo" time="0"/>
  <testcase classname="| 2871284582 | FT487 |" name="And I get correct bancaInd" time="0"/>
  <testcase classname="| 2871284582 | FT487 |" name="And I get correct agentCode &quot;FT487&quot;" time="0"/>
  <testcase classname="| 2871284582 | FT487 |" name="And I get correct agentMobile" time="0"/>
  <testcase classname="| 2871284582 | FT487 |" name="And I get correct agentName" time="0"/>
  <testcase classname="| 2871284582 | FT487 |" name="And I get correct locationCode" time="0"/>
  <testcase classname="| 2871284582 | FT487 |" name="And I get correct gracePeriod" time="0"/>
  <testcase classname="| 2871284582 | FT487 |" name="And I get correct ostPrem" time="0"/>
  <testcase classname="| 2871284582 | FT487 |" name="| 2871284582 | FT487 |" time="0"/>
  <testcase classname="| 2816548240 | 2802978231 |" name="Given I search a policy &quot;2816548240&quot;" time="0"/>
  <testcase classname="| 2816548240 | 2802978231 |" name="And I get correct clientNumber &quot;2802978231&quot;" time="0"/>
  <testcase classname="| 2816548240 | 2802978231 |" name="And I get correct clientName" time="0"/>
  <testcase classname="| 2816548240 | 2802978231 |" name="And I get correct idNumber" time="0"/>
  <testcase classname="| 2816548240 | 2802978231 |" name="And I get correct idIssueDate" time="0"/>
  <testcase classname="| 2816548240 | 2802978231 |" name="And I get correct idIssuePlace" time="0"/>
  <testcase classname="| 2816548240 | 2802978231 |" name="And I get correct sexCode" time="0.001"/>
  <testcase classname="| 2816548240 | 2802978231 |" name="And I get correct birthdate" time="0"/>
  <testcase classname="| 2816548240 | 2802978231 |" name="And I get correct vipInd" time="0"/>
  <testcase classname="| 2816548240 | 2802978231 |" name="| 2816548240 | 2802978231 |" time="0.001"/>
  <testcase classname="| 2871284582 | 2805363580 |" name="Given I search a policy &quot;2871284582&quot;" time="0"/>
  <testcase classname="| 2871284582 | 2805363580 |" name="And I get correct clientNumber &quot;2805363580&quot;" time="0"/>
  <testcase classname="| 2871284582 | 2805363580 |" name="And I get correct clientName" time="0"/>
  <testcase classname="| 2871284582 | 2805363580 |" name="And I get correct idNumber" time="0"/>
  <testcase classname="| 2871284582 | 2805363580 |" name="And I get correct idIssueDate" time="0.001"/>
  <testcase classname="| 2871284582 | 2805363580 |" name="And I get correct idIssuePlace" time="0"/>
  <testcase classname="| 2871284582 | 2805363580 |" name="And I get correct sexCode" time="0"/>
  <testcase classname="| 2871284582 | 2805363580 |" name="And I get correct birthdate" time="0"/>
  <testcase classname="| 2871284582 | 2805363580 |" name="And I get correct vipInd" time="0"/>
  <testcase classname="| 2871284582 | 2805363580 |" name="| 2871284582 | 2805363580 |" time="0"/>
  <testcase classname="| 2816548240 | 20171231 | I | I |" name="Given I can search policy&apos;s COVERAGES &quot;2816548240&quot;" time="0"/>
  <testcase classname="| 2816548240 | 20171231 | I | I |" name="Then I get coverageEffectiveDate &quot;20171231&quot;" time="0"/>
  <testcase classname="| 2816548240 | 20171231 | I | I |" name="And I get coverageIssueDate" time="0"/>
  <testcase classname="| 2816548240 | 20171231 | I | I |" name="And I get coverageXpryDate" time="0"/>
  <testcase classname="| 2816548240 | 20171231 | I | I |" name="And I get coverageCode" time="0"/>
  <testcase classname="| 2816548240 | 20171231 | I | I |" name="And I get mcStatusCode &quot;I&quot;" time="0"/>
  <testcase classname="| 2816548240 | 20171231 | I | I |" name="And I get mcEffectiveDate" time="0"/>
  <testcase classname="| 2816548240 | 20171231 | I | I |" name="And I get coverageClass" time="0"/>
  <testcase classname="| 2816548240 | 20171231 | I | I |" name="And I get coverageStatusCode &quot;I&quot;" time="0"/>
  <testcase classname="| 2816548240 | 20171231 | I | I |" name="And I get coveragePrem;" time="0"/>
  <testcase classname="| 2816548240 | 20171231 | I | I |" name="| 2816548240 | 20171231 | I | I |" time="0"/>
  <testcase classname="| 2871284582 | 20210327 | N |  |" name="Given I can search policy&apos;s COVERAGES &quot;2871284582&quot;" time="0"/>
  <testcase classname="| 2871284582 | 20210327 | N |  |" name="Then I get coverageEffectiveDate &quot;20210327&quot;" time="0"/>
  <testcase classname="| 2871284582 | 20210327 | N |  |" name="And I get coverageIssueDate" time="0"/>
  <testcase classname="| 2871284582 | 20210327 | N |  |" name="And I get coverageXpryDate" time="0"/>
  <testcase classname="| 2871284582 | 20210327 | N |  |" name="And I get coverageCode" time="0"/>
  <testcase classname="| 2871284582 | 20210327 | N |  |" name="And I get mcStatusCode &quot;&quot;" time="0"/>
  <testcase classname="| 2871284582 | 20210327 | N |  |" name="And I get mcEffectiveDate" time="0"/>
  <testcase classname="| 2871284582 | 20210327 | N |  |" name="And I get coverageClass" time="0"/>
  <testcase classname="| 2871284582 | 20210327 | N |  |" name="And I get coverageStatusCode &quot;N&quot;" time="0"/>
  <testcase classname="| 2871284582 | 20210327 | N |  |" name="And I get coveragePrem;" time="0"/>
  <testcase classname="| 2871284582 | 20210327 | N |  |" name="| 2871284582 | 20210327 | N |  |" time="0"/>
  <testcase classname="| 2816548240 | 2801422092 |" name="Given I can get response of policyNumber &quot;2816548240&quot;" time="0"/>
  <testcase classname="| 2816548240 | 2801422092 |" name="Then I get clientNumber &quot;2801422092&quot;" time="0"/>
  <testcase classname="| 2816548240 | 2801422092 |" name="And I get clientName" time="0"/>
  <testcase classname="| 2816548240 | 2801422092 |" name="And I get birthdate" time="0"/>
  <testcase classname="| 2816548240 | 2801422092 |" name="And I get sexCode" time="0"/>
  <testcase classname="| 2816548240 | 2801422092 |" name="And I get idNumber" time="0"/>
  <testcase classname="| 2816548240 | 2801422092 |" name="| 2816548240 | 2801422092 |" time="0.001"/>
  <testcase classname="| 2871284582 | 2805363580 |" name="Given I can get response of policyNumber &quot;2871284582&quot;" time="0"/>
  <testcase classname="| 2871284582 | 2805363580 |" name="Then I get clientNumber &quot;2805363580&quot;" time="0"/>
  <testcase classname="| 2871284582 | 2805363580 |" name="And I get clientName" time="0"/>
  <testcase classname="| 2871284582 | 2805363580 |" name="And I get birthdate" time="0"/>
  <testcase classname="| 2871284582 | 2805363580 |" name="And I get sexCode" time="0"/>
  <testcase classname="| 2871284582 | 2805363580 |" name="And I get idNumber" time="0.001"/>
  <testcase classname="| 2871284582 | 2805363580 |" name="| 2871284582 | 2805363580 |" time="0.001"/>
  <testcase classname="| 2816548240 | asCDDgdafshgbb,ki | 401 | invalid_token |" name="Given I search policyNumber &quot;2816548240&quot; with invalid token &quot;asCDDgdafshgbb,ki&quot;" time="0"/>
  <testcase classname="| 2816548240 | asCDDgdafshgbb,ki | 401 | invalid_token |" name="Then I get statusCode &quot;401&quot;" time="0"/>
  <testcase classname="| 2816548240 | asCDDgdafshgbb,ki | 401 | invalid_token |" name="And I get error message &quot;invalid_token&quot;" time="0"/>
  <testcase classname="| 2816548240 | asCDDgdafshgbb,ki | 401 | invalid_token |" name="| 2816548240 | asCDDgdafshgbb,ki | 401 | invalid_token |" time="0.001"/>
  <testcase classname="| 2871284582 | % | 401 | Invalid_token |" name="Given I search policyNumber &quot;2871284582&quot; with invalid token &quot;%&quot;" time="0.001"/>
  <testcase classname="| 2871284582 | % | 401 | Invalid_token |" name="Then I get statusCode &quot;401&quot;" time="0"/>
  <testcase classname="| 2871284582 | % | 401 | Invalid_token |" name="And I get error message &quot;Invalid_token&quot;" time="0"/>
  <testcase classname="| 2871284582 | % | 401 | Invalid_token |" name="| 2871284582 | % | 401 | Invalid_token |" time="0.001"/>
  <testcase classname="| 2871284582 |  | 400 | Invalid_request |" name="Given I search policyNumber &quot;2871284582&quot; with invalid token &quot;&quot;" time="0"/>
  <testcase classname="| 2871284582 |  | 400 | Invalid_request |" name="Then I get statusCode &quot;400&quot;" time="0"/>
  <testcase classname="| 2871284582 |  | 400 | Invalid_request |" name="And I get error message &quot;Invalid_request&quot;" time="0"/>
  <testcase classname="| 2871284582 |  | 400 | Invalid_request |" name="| 2871284582 |  | 400 | Invalid_request |" time="0"/>
  <testcase classname="Scenario: Verify response time" name="Given I call the API &quot;2816548240&quot;" time="0"/>
  <testcase classname="Scenario: Verify response time" name="Then response time should not exceed &quot;9000&quot; miliseconds" time="0"/>
  <testcase classname="Scenario: Verify response time" name="Scenario: Verify response time" time="0"/>
</testsuite>